mktextfm JuliaMono
mktextfm JuliaMono
mktextfm JuliaMono
mktextfm JuliaMono/BI
mktextfm JuliaMono
mktextfm JuliaMono/B
mktextfm JuliaMono
mktextfm JuliaMono/I
mktextfm JuliaMono
mktextfm JuliaMono
mktextfm JuliaMono
mktextfm JuliaMono
mktextfm JuliaMono
mktextfm JuliaMono/BI
mktextfm JuliaMono
mktextfm JuliaMono/B
mktextfm JuliaMono
mktextfm JuliaMono/I
mktextfm JuliaMono
mktextfm JuliaMono
mktextfm JuliaMono
mktextfm JuliaMono
mktextfm Roboto
mktextfm Roboto
mktextfm Roboto
mktextfm Roboto/BI
mktextfm Roboto
mktextfm Roboto/B
mktextfm Roboto
mktextfm Roboto/I
mktextfm Roboto
mktextfm Roboto
mktextfm Roboto
mktextfm Roboto
mktextfm Roboto
mktextfm Roboto/BI
mktextfm Roboto
mktextfm Roboto/B
mktextfm Roboto
mktextfm Roboto/I
mktextfm Roboto
mktextfm Roboto
mktextfm JuliaMono
mktextfm JuliaMono
mktextfm Roboto
mktextfm Roboto
mktextfm Roboto
mktextfm Roboto/BI
mktextfm Roboto
mktextfm Roboto/B
mktextfm Roboto
mktextfm Roboto/I
mktextfm Roboto
mktextfm Roboto
mktextfm Roboto
mktextfm Roboto
mktextfm Roboto
mktextfm Roboto
mktextfm Roboto
mktextfm Roboto
mktextfm Roboto
mktextfm JuliaMono
mktextfm JuliaMono
mktextfm Roboto
mktextfm Roboto
mktextfm Roboto
